<?xml version="1.0" encoding="UTF-8"?>
<testsuite name="SimpleBankSystemTest" tests="1" skipped="0" failures="0" errors="0" timestamp="2020-06-15T20:21:16" hostname="ktp-toshiba-p75" time="0.807">
  <properties/>
  <testcase name="start" classname="SimpleBankSystemTest" time="0.807"/>
  <system-out><![CDATA[?[1;31m
Start test 1?[0m
DB file name: card.s3db
SimpleBanking: the 'card.s3db' database has been opened / created.
That's all folks

1. Create an account
2. Log into account
0. Exit
> 0
Bye!
SimpleBanking: the 'card.s3db' database has been closed.
?[1;31m
Start test 2?[0m
DB file name: card.s3db
SimpleBanking: the 'card.s3db' database has been opened / created.
That's all folks

1. Create an account
2. Log into account
0. Exit
> 0
Bye!
SimpleBanking: the 'card.s3db' database has been closed.
?[1;31m
Start test 3?[0m
DB file name: card.s3db
SimpleBanking: the 'card.s3db' database has been opened / created.
That's all folks

1. Create an account
2. Log into account
0. Exit
> 0
Bye!
SimpleBanking: the 'card.s3db' database has been closed.
?[1;31m
Start test 4?[0m
DB file name: card.s3db
SimpleBanking: the 'card.s3db' database has been opened / created.
That's all folks

1. Create an account
2. Log into account
0. Exit
> 0
Bye!
SimpleBanking: the 'card.s3db' database has been closed.
?[1;31m
Start test 5?[0m
DB file name: card.s3db
SimpleBanking: the 'card.s3db' database has been opened / created.
That's all folks

1. Create an account
2. Log into account
0. Exit
> 1
SimpleBanking: new card data has been added into the DB table 'card'

Your card has been created
Your card number:
4000008454607222
Your card PIN:
1934

1. Create an account
2. Log into account
0. Exit
> 1
SimpleBanking: new card data has been added into the DB table 'card'

Your card has been created
Your card number:
4000002060794201
Your card PIN:
4920

1. Create an account
2. Log into account
0. Exit
> 1
SimpleBanking: new card data has been added into the DB table 'card'

Your card has been created
Your card number:
4000009606962770
Your card PIN:
5544

1. Create an account
2. Log into account
0. Exit
> 1
SimpleBanking: new card data has been added into the DB table 'card'

Your card has been created
Your card number:
4000006757544142
Your card PIN:
2198

1. Create an account
2. Log into account
0. Exit
> 0
Bye!
SimpleBanking: the 'card.s3db' database has been closed.
?[1;31m
Start test 6?[0m
DB file name: card.s3db
SimpleBanking: the 'card.s3db' database has been opened / created.
id: 1, number: 4000008454607222, pin: 1934, balance = 0
id: 2, number: 4000002060794201, pin: 4920, balance = 0
id: 3, number: 4000009606962770, pin: 5544, balance = 0
id: 4, number: 4000006757544142, pin: 2198, balance = 0
That's all folks

1. Create an account
2. Log into account
0. Exit
> 1
SimpleBanking: new card data has been added into the DB table 'card'

Your card has been created
Your card number:
4000006263616657
Your card PIN:
9960

1. Create an account
2. Log into account
0. Exit
> 2

Enter your card number:
> 4000006263616657
Enter your PIN:
> 9960

You have successfully logged in!

1. Balance
2. Add income
3. Do transfer
4. Close account
5. Log out
0. Exit
> 0
SimpleBanking: the 'card.s3db' database has been closed.
?[1;31m
Start test 7?[0m
DB file name: card.s3db
SimpleBanking: the 'card.s3db' database has been opened / created.
id: 1, number: 4000008454607222, pin: 1934, balance = 0
id: 2, number: 4000002060794201, pin: 4920, balance = 0
id: 3, number: 4000009606962770, pin: 5544, balance = 0
id: 4, number: 4000006757544142, pin: 2198, balance = 0
id: 5, number: 4000006263616657, pin: 9960, balance = 0
That's all folks

1. Create an account
2. Log into account
0. Exit
> 1
SimpleBanking: new card data has been added into the DB table 'card'

Your card has been created
Your card number:
4000005761085068
Your card PIN:
7229

1. Create an account
2. Log into account
0. Exit
> 2

Enter your card number:
> 4000005761085068
Enter your PIN:
> 4285

Wrong card number or PIN!

1. Create an account
2. Log into account
0. Exit
> 0
Bye!
SimpleBanking: the 'card.s3db' database has been closed.
?[1;31m
Start test 8?[0m
DB file name: card.s3db
SimpleBanking: the 'card.s3db' database has been opened / created.
id: 1, number: 4000008454607222, pin: 1934, balance = 0
id: 2, number: 4000002060794201, pin: 4920, balance = 0
id: 3, number: 4000009606962770, pin: 5544, balance = 0
id: 4, number: 4000006757544142, pin: 2198, balance = 0
id: 5, number: 4000006263616657, pin: 9960, balance = 0
id: 6, number: 4000005761085068, pin: 7229, balance = 0
That's all folks

1. Create an account
2. Log into account
0. Exit
> 1
SimpleBanking: new card data has been added into the DB table 'card'

Your card has been created
Your card number:
4000000169640242
Your card PIN:
8675

1. Create an account
2. Log into account
0. Exit
> 2

Enter your card number:
> 400000738729068
Enter your PIN:
> 8675

Wrong card number or PIN!

1. Create an account
2. Log into account
0. Exit
> 0
Bye!
SimpleBanking: the 'card.s3db' database has been closed.
?[1;31m
Start test 9?[0m
DB file name: card.s3db
SimpleBanking: the 'card.s3db' database has been opened / created.
id: 1, number: 4000008454607222, pin: 1934, balance = 0
id: 2, number: 4000002060794201, pin: 4920, balance = 0
id: 3, number: 4000009606962770, pin: 5544, balance = 0
id: 4, number: 4000006757544142, pin: 2198, balance = 0
id: 5, number: 4000006263616657, pin: 9960, balance = 0
id: 6, number: 4000005761085068, pin: 7229, balance = 0
id: 7, number: 4000000169640242, pin: 8675, balance = 0
That's all folks

1. Create an account
2. Log into account
0. Exit
> 1
SimpleBanking: new card data has been added into the DB table 'card'

Your card has been created
Your card number:
4000002278423452
Your card PIN:
5833

1. Create an account
2. Log into account
0. Exit
> 2

Enter your card number:
> 4000002278423452
Enter your PIN:
> 5833

You have successfully logged in!

1. Balance
2. Add income
3. Do transfer
4. Close account
5. Log out
0. Exit
> 1

Balance: 0

1. Balance
2. Add income
3. Do transfer
4. Close account
5. Log out
0. Exit
> 0
SimpleBanking: the 'card.s3db' database has been closed.
?[1;31m
Start test 10?[0m
DB file name: card.s3db
SimpleBanking: the 'card.s3db' database has been opened / created.
id: 1, number: 4000008454607222, pin: 1934, balance = 0
id: 2, number: 4000002060794201, pin: 4920, balance = 0
id: 3, number: 4000009606962770, pin: 5544, balance = 0
id: 4, number: 4000006757544142, pin: 2198, balance = 0
id: 5, number: 4000006263616657, pin: 9960, balance = 0
id: 6, number: 4000005761085068, pin: 7229, balance = 0
id: 7, number: 4000000169640242, pin: 8675, balance = 0
id: 8, number: 4000002278423452, pin: 5833, balance = 0
That's all folks

1. Create an account
2. Log into account
0. Exit
> 1
SimpleBanking: new card data has been added into the DB table 'card'

Your card has been created
Your card number:
4000004770184525
Your card PIN:
9638

1. Create an account
2. Log into account
0. Exit
> 2

Enter your card number:
> 4000004770184525
Enter your PIN:
> 9638

You have successfully logged in!

1. Balance
2. Add income
3. Do transfer
4. Close account
5. Log out
0. Exit
> 2

Enter income:
> 10000
Income was added!

1. Balance
2. Add income
3. Do transfer
4. Close account
5. Log out
0. Exit
> 2

Enter income:
> 15000
Income was added!

1. Balance
2. Add income
3. Do transfer
4. Close account
5. Log out
0. Exit
> 0
SimpleBanking: the 'card.s3db' database has been closed.
?[1;31m
Start test 11?[0m
DB file name: card.s3db
SimpleBanking: the 'card.s3db' database has been opened / created.
id: 1, number: 4000008454607222, pin: 1934, balance = 0
id: 2, number: 4000002060794201, pin: 4920, balance = 0
id: 3, number: 4000009606962770, pin: 5544, balance = 0
id: 4, number: 4000006757544142, pin: 2198, balance = 0
id: 5, number: 4000006263616657, pin: 9960, balance = 0
id: 6, number: 4000005761085068, pin: 7229, balance = 0
id: 7, number: 4000000169640242, pin: 8675, balance = 0
id: 8, number: 4000002278423452, pin: 5833, balance = 0
id: 9, number: 4000004770184525, pin: 9638, balance = 25000
That's all folks

1. Create an account
2. Log into account
0. Exit
> 1
SimpleBanking: new card data has been added into the DB table 'card'

Your card has been created
Your card number:
4000005590722600
Your card PIN:
9695

1. Create an account
2. Log into account
0. Exit
> 2

Enter your card number:
> 4000005590722600
Enter your PIN:
> 9695

You have successfully logged in!

1. Balance
2. Add income
3. Do transfer
4. Close account
5. Log out
0. Exit
> 4

The account has been closed!

1. Balance
2. Add income
3. Do transfer
4. Close account
5. Log out
0. Exit
> 0
SimpleBanking: the 'card.s3db' database has been closed.
]]></system-out>
  <system-err><![CDATA[]]></system-err>
</testsuite>
