<?xml version="1.0" encoding="UTF-8"?>
<testsuite name="SimpleBankSystemTest" tests="1" skipped="0" failures="0" errors="0" timestamp="2020-06-08T09:55:07" hostname="ktp-toshiba-p75" time="0.353">
  <properties/>
  <testcase name="start" classname="SimpleBankSystemTest" time="0.353"/>
  <system-out><![CDATA[?[1;31m
Start test 1?[0m

1. Create an account
2. Log into account
0. Exit
> 1

Your card has been created
Your card number:
4000000527303285
Your card PIN:
0148

1. Create an account
2. Log into account
0. Exit
> 1

Your card has been created
Your card number:
4000005915352950
Your card PIN:
6613

1. Create an account
2. Log into account
0. Exit
> 0
Bye!
?[1;31m
Start test 2?[0m

1. Create an account
2. Log into account
0. Exit
> 1

Your card has been created
Your card number:
4000001786773507
Your card PIN:
9339

1. Create an account
2. Log into account
0. Exit
> 2

Enter your card number:
> 4000001786773507
Enter your PIN:
> 9339

You have successfully logged in!

1. Balance
2. Log out
0.Exit
> 2

You have successfully logged out!

1. Create an account
2. Log into account
0. Exit
> 0
Bye!
?[1;31m
Start test 3?[0m

1. Create an account
2. Log into account
0. Exit
> 1

Your card has been created
Your card number:
4000004713803397
Your card PIN:
9222

1. Create an account
2. Log into account
0. Exit
> 2

Enter your card number:
> 4000004713803397
Enter your PIN:
> 5098

Wrong card number or PIN!

1. Create an account
2. Log into account
0. Exit
> 0
Bye!
?[1;31m
Start test 4?[0m

1. Create an account
2. Log into account
0. Exit
> 1

Your card has been created
Your card number:
4000007520268621
Your card PIN:
6210

1. Create an account
2. Log into account
0. Exit
> 2

Enter your card number:
> 400000391518742
Enter your PIN:
> 6210

Wrong card number or PIN!

1. Create an account
2. Log into account
0. Exit
> 0
Bye!
?[1;31m
Start test 5?[0m

1. Create an account
2. Log into account
0. Exit
> 1

Your card has been created
Your card number:
4000004269170035
Your card PIN:
6459

1. Create an account
2. Log into account
0. Exit
> 2

Enter your card number:
> 4000004269170035
Enter your PIN:
> 6459

You have successfully logged in!

1. Balance
2. Log out
0.Exit
> 1

Balance: 0

1. Balance
2. Log out
0.Exit
> 0
?[1;31m
Start test 6?[0m

1. Create an account
2. Log into account
0. Exit
> 1

Your card has been created
Your card number:
4000003290313614
Your card PIN:
6706

1. Create an account
2. Log into account
0. Exit
> 1

Your card has been created
Your card number:
4000008576891126
Your card PIN:
4866

1. Create an account
2. Log into account
0. Exit
> 1

Your card has been created
Your card number:
4000005098927016
Your card PIN:
8891

1. Create an account
2. Log into account
0. Exit
> 1

Your card has been created
Your card number:
4000000605819863
Your card PIN:
7142

1. Create an account
2. Log into account
0. Exit
> 0
Bye!
]]></system-out>
  <system-err><![CDATA[]]></system-err>
</testsuite>
